1674585178058	geckodriver	INFO	Listening on 127.0.0.1:50568
1674585181151	mozrunner::runner	INFO	Running command: "C:\\Program Files\\Mozilla Firefox\\firefox.exe" "--marionette" "--remote-debugging-port" "50569" "--remote-allow-hosts" "localhost" "-no-remote" "-profile" "C:\\Users\\Admin\\AppData\\Local\\Temp\\rust_mozprofilePDGKHQ"
1674585181928	addons.webextension.doh-rollout@mozilla.org	WARN	Loading extension 'doh-rollout@mozilla.org': Reading manifest: Invalid extension permission: networkStatus
1674585182094	addons.webextension.screenshots@mozilla.org	WARN	Loading extension 'screenshots@mozilla.org': Reading manifest: Invalid extension permission: mozillaAddons
1674585182094	addons.webextension.screenshots@mozilla.org	WARN	Loading extension 'screenshots@mozilla.org': Reading manifest: Invalid extension permission: telemetry
1674585182095	addons.webextension.screenshots@mozilla.org	WARN	Loading extension 'screenshots@mozilla.org': Reading manifest: Invalid extension permission: resource://pdf.js/
1674585182095	addons.webextension.screenshots@mozilla.org	WARN	Loading extension 'screenshots@mozilla.org': Reading manifest: Invalid extension permission: about:reader*
JavaScript error: resource://gre/modules/XULStore.jsm, line 66: Error: Can't find profile directory.
JavaScript error: chrome://remote/content/RemoteAgent.jsm, line 36: Error: Remote agent is disabled by preference
1674585185636	Marionette	INFO	Listening on port 50581
DevTools listening on true
1674585185980	Marionette	WARN	TLS certificate errors will be ignored for this session
JavaScript error: https://static.licdn.com/sc/h/dmke7g79hm3iwsfcou75kwnu7, line 1: Error: Could not lazy load JS with src https://static.licdn.com/sc/h/djykitbj8q6nbc5kqowcmv2h7
JavaScript error: https://static.licdn.com/sc/h/dmke7g79hm3iwsfcou75kwnu7, line 1: Error: Could not lazy load JS with src https://static.licdn.com/sc/h/20oldnhklhzz1f88661e0volz
JavaScript error: https://static.licdn.com/sc/h/dmke7g79hm3iwsfcou75kwnu7, line 1: Error: Could not lazy load JS with src https://static.licdn.com/sc/h/6y2czwba46q3wsh2b0d0g6trj
JavaScript error: https://static.licdn.com/sc/h/dmke7g79hm3iwsfcou75kwnu7, line 1: Error: Could not lazy load JS with src https://static.licdn.com/sc/h/6y2czwba46q3wsh2b0d0g6trj
1674588812460	Marionette	INFO	Stopped listening on port 50581
4585458938	mozrunner::runner	INFO	Running command: "C:\\Program Files\\Mozilla Firefox\\firefox.exe" "--marionette" "--remote-debugging-port" "50928" "--remote-allow-hosts" "localhost" "-no-remote" "-profile" "C:\\Users\\Admin\\AppData\\Local\\Temp\\rust_mozprofileVqJZxG"
1674585459587	addons.webextension.doh-rollout@mozilla.org	WARN	Loading extension 'doh-rollout@mozilla.org': Reading manifest: Invalid extension permission: networkStatus
1674585459698	addons.webextension.screenshots@mozilla.org	WARN	Loading extension 'screenshots@mozilla.org': Reading manifest: Invalid extension permission: mozillaAddons
1674585459698	addons.webextension.screenshots@mozilla.org	WARN	Loading extension 'screenshots@mozilla.org': Reading manifest: Invalid extension permission: telemetry
1674585459698	addons.webextension.screenshots@mozilla.org	WARN	Loading extension 'screenshots@mozilla.org': Reading manifest: Invalid extension permission: resource://pdf.js/
1674585459698	addons.webextension.screenshots@mozilla.org	WARN	Loading extension 'screenshots@mozilla.org': Reading manifest: Invalid extension permission: about:reader*
JavaScript error: resource://gre/modules/XULStore.jsm, line 66: Error: Can't find profile directory.
JavaScript error: chrome://remote/content/RemoteAgent.jsm, line 36: Error: Remote agent is disabled by preference
1674585462701	Marionette	INFO	Listening on port 50945
DevTools listening on true
1674585463129	Marionette	WARN	TLS certificate errors will be ignored for this session
JavaScript error: https://static.licdn.com/sc/h/dmke7g79hm3iwsfcou75kwnu7, line 1: Error: Could not lazy load JS with src https://static.licdn.com/sc/h/djykitbj8q6nbc5kqowcmv2h7
JavaScript error: https://static.licdn.com/sc/h/dmke7g79hm3iwsfcou75kwnu7, line 1: Error: Could not lazy load JS with src https://static.licdn.com/sc/h/20oldnhklhzz1f88661e0volz
JavaScript error: https://static.licdn.com/sc/h/dmke7g79hm3iwsfcou75kwnu7, line 1: Error: Could not lazy load JS with src https://static.licdn.com/sc/h/6y2czwba46q3wsh2b0d0g6trj
JavaScript error: https://static.licdn.com/sc/h/dmke7g79hm3iwsfcou75kwnu7, line 1: Error: Could not lazy load JS with src https://static.licdn.com/sc/h/6y2czwba46q3wsh2b0d0g6trj
JavaScript error: resource:///actors/ContentMetaChild.jsm, line 167: InvalidStateError: An attempt was made to use an object that is not, or is no longer, usable
1674588810984	Marionette	INFO	Stopped listening on port 50945
